<?xml version="1.0" encoding="UTF-8"?>
<!-- Generated by org.testng.reporters.JUnitReportReporter -->
<testsuite skipped="0" hostname="INFARSZB52525" name="test.TestNGDemo" tests="1" failures="0" timestamp="26 Sep 2018 11:23:14 GMT" time="5.059" errors="0">
  <testcase name="TestCase1" time="5.059" classname="test.TestNGDemo"/>
</testsuite> <!-- test.TestNGDemo -->
