<?xml version="1.0" encoding="UTF-8"?>
<!-- Generated by org.testng.reporters.JUnitReportReporter -->
<testsuite skipped="0" hostname="INFARSZB52525" name="test.ExtentReportsWithTestNG" tests="2" failures="0" timestamp="26 Sep 2018 12:30:40 GMT" time="9.442" errors="0">
  <testcase name="TestingReports1" time="7.484" classname="test.ExtentReportsWithTestNG"/>
  <testcase name="TestingReports2" time="1.958" classname="test.ExtentReportsWithTestNG"/>
</testsuite> <!-- test.ExtentReportsWithTestNG -->
