<?xml version="1.0" encoding="UTF-8"?>
<!-- Generated by org.testng.reporters.JUnitReportReporter -->
<testsuite skipped="0" hostname="INFARSZB52525" name="test.TestNGDemo1" tests="1" failures="0" timestamp="26 Sep 2018 11:23:14 GMT" time="6.393" errors="0">
  <testcase name="TestCase3" time="6.393" classname="test.TestNGDemo1"/>
</testsuite> <!-- test.TestNGDemo1 -->
